<?xml version="1.0" encoding="UTF-8"?>
<testsuite xmlns:xsi="http://www.w3.org/2001/XMLSchema-instance" xsi:noNamespaceSchemaLocation="https://maven.apache.org/surefire/maven-surefire-plugin/xsd/surefire-test-report-3.0.xsd" version="3.0" name="com.lenolnmuniz.java.clients.ClientTest" time="0.009" tests="23" errors="0" skipped="0" failures="0">
  <properties>
[...]
</properties>
  <testcase name="testSetBirthday" classname="com.lenolnmuniz.java.clients.ClientTest" time="0.0"/>
  <testcase name="testGetBirthday" classname="com.lenolnmuniz.java.clients.ClientTest" time="0.0"/>
  <testcase name="testSetFullName" classname="com.lenolnmuniz.java.clients.ClientTest" time="0.0"/>
  <testcase name="testGetEmail" classname="com.lenolnmuniz.java.clients.ClientTest" time="0.0"/>
  <testcase name="testGetPhone" classname="com.lenolnmuniz.java.clients.ClientTest" time="0.0"/>
  <testcase name="testSetFirstName" classname="com.lenolnmuniz.java.clients.ClientTest" time="0.0"/>
  <testcase name="testGetFullName" classname="com.lenolnmuniz.java.clients.ClientTest" time="0.0"/>
  <testcase name="testGetAddress" classname="com.lenolnmuniz.java.clients.ClientTest" time="0.0"/>
  <testcase name="testSetLastName" classname="com.lenolnmuniz.java.clients.ClientTest" time="0.0"/>
  <testcase name="testGetLastName" classname="com.lenolnmuniz.java.clients.ClientTest" time="0.0"/>
  <testcase name="testTestToString" classname="com.lenolnmuniz.java.clients.ClientTest" time="0.002"/>
  <testcase name="testGetMiddleName" classname="com.lenolnmuniz.java.clients.ClientTest" time="0.001"/>
  <testcase name="testSetGender" classname="com.lenolnmuniz.java.clients.ClientTest" time="0.0"/>
  <testcase name="testSetAddress" classname="com.lenolnmuniz.java.clients.ClientTest" time="0.0"/>
  <testcase name="testGetGender" classname="com.lenolnmuniz.java.clients.ClientTest" time="0.0"/>
  <testcase name="testGetFirstName" classname="com.lenolnmuniz.java.clients.ClientTest" time="0.001"/>
  <testcase name="testGetAge" classname="com.lenolnmuniz.java.clients.ClientTest" time="0.0"/>
  <testcase name="testGetCpf" classname="com.lenolnmuniz.java.clients.ClientTest" time="0.0"/>
  <testcase name="testSetMiddleName" classname="com.lenolnmuniz.java.clients.ClientTest" time="0.001"/>
  <testcase name="testSetAge" classname="com.lenolnmuniz.java.clients.ClientTest" time="0.0"/>
  <testcase name="testSetCpf" classname="com.lenolnmuniz.java.clients.ClientTest" time="0.0"/>
  <testcase name="testSetEmail" classname="com.lenolnmuniz.java.clients.ClientTest" time="0.001"/>
  <testcase name="testSetPhone" classname="com.lenolnmuniz.java.clients.ClientTest" time="0.0"/>
</testsuite>